Generated at 2026-01-14 04:53:23 +0000
Net::HTTPFatalError: 500 "Internal Server Error"
/opt/chef-workstation/embedded/lib/ruby/3.0.0/net/http/response.rb:124:in `error!'
/opt/chef-workstation/embedded/lib/ruby/gems/3.0.0/gems/chef-17.10.0/lib/chef/http.rb:158:in `request'
/opt/chef-workstation/embedded/lib/ruby/gems/3.0.0/gems/chef-17.10.0/lib/chef/http.rb:137:in `post'
/opt/chef-workstation/embedded/lib/ruby/gems/3.0.0/gems/chef-17.10.0/lib/chef/node.rb:661:in `create'
/opt/chef-workstation/embedded/lib/ruby/gems/3.0.0/gems/chef-17.10.0/lib/chef/node.rb:619:in `rescue in find_or_create'
/opt/chef-workstation/embedded/lib/ruby/gems/3.0.0/gems/chef-17.10.0/lib/chef/node.rb:613:in `find_or_create'
/opt/chef-workstation/embedded/lib/ruby/gems/3.0.0/gems/chef-17.10.0/lib/chef/policy_builder/dynamic.rb:74:in `load_node'
/opt/chef-workstation/embedded/lib/ruby/gems/3.0.0/gems/chef-17.10.0/lib/chef/client.rb:452:in `load_node'
/opt/chef-workstation/embedded/lib/ruby/gems/3.0.0/gems/chef-17.10.0/lib/chef/client.rb:268:in `run'
/opt/chef-workstation/embedded/lib/ruby/gems/3.0.0/gems/chef-17.10.0/lib/chef/application.rb:305:in `run_with_graceful_exit_option'
/opt/chef-workstation/embedded/lib/ruby/gems/3.0.0/gems/chef-17.10.0/lib/chef/application.rb:281:in `block in run_chef_client'
/opt/chef-workstation/embedded/lib/ruby/gems/3.0.0/gems/chef-17.10.0/lib/chef/local_mode.rb:42:in `with_server_connectivity'
/opt/chef-workstation/embedded/lib/ruby/gems/3.0.0/gems/chef-17.10.0/lib/chef/application.rb:264:in `run_chef_client'
/opt/chef-workstation/embedded/lib/ruby/gems/3.0.0/gems/chef-17.10.0/lib/chef/application/base.rb:352:in `run_application'
/opt/chef-workstation/embedded/lib/ruby/gems/3.0.0/gems/chef-17.10.0/lib/chef/application.rb:67:in `run'
/opt/chef-workstation/embedded/lib/ruby/gems/3.0.0/gems/chef-bin-17.10.0/bin/chef-client:25:in `<top (required)>'
/usr/bin/chef-client:390:in `load'
/usr/bin/chef-client:390:in `<main>'

>>>> Caused by Net::HTTPServerException: 404 "Not Found"
/opt/chef-workstation/embedded/lib/ruby/3.0.0/net/http/response.rb:124:in `error!'
/opt/chef-workstation/embedded/lib/ruby/gems/3.0.0/gems/chef-17.10.0/lib/chef/http.rb:158:in `request'
/opt/chef-workstation/embedded/lib/ruby/gems/3.0.0/gems/chef-17.10.0/lib/chef/http.rb:121:in `get'
/opt/chef-workstation/embedded/lib/ruby/gems/3.0.0/gems/chef-17.10.0/lib/chef/node.rb:631:in `load'
/opt/chef-workstation/embedded/lib/ruby/gems/3.0.0/gems/chef-17.10.0/lib/chef/node.rb:614:in `find_or_create'
/opt/chef-workstation/embedded/lib/ruby/gems/3.0.0/gems/chef-17.10.0/lib/chef/policy_builder/dynamic.rb:74:in `load_node'
/opt/chef-workstation/embedded/lib/ruby/gems/3.0.0/gems/chef-17.10.0/lib/chef/client.rb:452:in `load_node'
/opt/chef-workstation/embedded/lib/ruby/gems/3.0.0/gems/chef-17.10.0/lib/chef/client.rb:268:in `run'
/opt/chef-workstation/embedded/lib/ruby/gems/3.0.0/gems/chef-17.10.0/lib/chef/application.rb:305:in `run_with_graceful_exit_option'
/opt/chef-workstation/embedded/lib/ruby/gems/3.0.0/gems/chef-17.10.0/lib/chef/application.rb:281:in `block in run_chef_client'
/opt/chef-workstation/embedded/lib/ruby/gems/3.0.0/gems/chef-17.10.0/lib/chef/local_mode.rb:42:in `with_server_connectivity'
/opt/chef-workstation/embedded/lib/ruby/gems/3.0.0/gems/chef-17.10.0/lib/chef/application.rb:264:in `run_chef_client'
/opt/chef-workstation/embedded/lib/ruby/gems/3.0.0/gems/chef-17.10.0/lib/chef/application/base.rb:352:in `run_application'
/opt/chef-workstation/embedded/lib/ruby/gems/3.0.0/gems/chef-17.10.0/lib/chef/application.rb:67:in `run'
/opt/chef-workstation/embedded/lib/ruby/gems/3.0.0/gems/chef-bin-17.10.0/bin/chef-client:25:in `<top (required)>'
/usr/bin/chef-client:390:in `load'
/usr/bin/chef-client:390:in `<main>'